[[[自动注册扩展缓存完成]]]
[2020/04/07 11:38:48.2961]
[线程：1]
注册总用时：0.9973ms
自动扫描程序集：0个
扩展缓存：

[[[微信扩展缓存注册完成]]]
[2020/04/07 11:38:48.4840]
[线程：1]
微信扩展缓存注册总用时：182.9628ms
扩展缓存：Senparc.Weixin.Cache.LocalContainerCacheStrategy
Senparc.Weixin.Cache.Redis.RedisContainerCacheStrategy

[[[自动注册扩展缓存完成]]]
[2020/04/07 11:40:26.9794]
[线程：38]
注册总用时：0ms
自动扫描程序集：0个
扩展缓存：

[[[微信扩展缓存注册完成]]]
[2020/04/07 11:40:27.1715]
[线程：38]
微信扩展缓存注册总用时：187.1166ms
扩展缓存：Senparc.Weixin.Cache.LocalContainerCacheStrategy
Senparc.Weixin.Cache.Redis.RedisContainerCacheStrategy

[[[自动注册扩展缓存完成]]]
[2020/04/07 11:42:22.8889]
[线程：1]
注册总用时：0.9971ms
自动扫描程序集：0个
扩展缓存：

[[[微信扩展缓存注册完成]]]
[2020/04/07 11:42:23.0656]
[线程：1]
微信扩展缓存注册总用时：171.7225ms
扩展缓存：Senparc.Weixin.Cache.LocalContainerCacheStrategy
Senparc.Weixin.Cache.Redis.RedisContainerCacheStrategy

[[[自动注册扩展缓存完成]]]
[2020/04/07 11:43:59.6441]
[线程：1]
注册总用时：0.9971ms
自动扫描程序集：0个
扩展缓存：

[[[微信扩展缓存注册完成]]]
[2020/04/07 11:43:59.8369]
[线程：1]
微信扩展缓存注册总用时：188.8235ms
扩展缓存：Senparc.Weixin.Cache.LocalContainerCacheStrategy
Senparc.Weixin.Cache.Redis.RedisContainerCacheStrategy

[[[自动注册扩展缓存完成]]]
[2020/04/07 11:59:39.1331]
[线程：1]
注册总用时：0.9972ms
自动扫描程序集：0个
扩展缓存：

[[[微信扩展缓存注册完成]]]
[2020/04/07 11:59:39.3335]
[线程：1]
微信扩展缓存注册总用时：195.4277ms
扩展缓存：Senparc.Weixin.Cache.LocalContainerCacheStrategy
Senparc.Weixin.Cache.Redis.RedisContainerCacheStrategy

[[[自动注册扩展缓存完成]]]
[2020/04/07 12:03:10.0245]
[线程：1]
注册总用时：0ms
自动扫描程序集：0个
扩展缓存：

[[[微信扩展缓存注册完成]]]
[2020/04/07 12:03:10.2330]
[线程：1]
微信扩展缓存注册总用时：203.4600ms
扩展缓存：Senparc.Weixin.Cache.LocalContainerCacheStrategy
Senparc.Weixin.Cache.Redis.RedisContainerCacheStrategy

[[[自动注册扩展缓存完成]]]
[2020/04/07 13:30:31.3154]
[线程：1]
注册总用时：0.995ms
自动扫描程序集：0个
扩展缓存：

[[[微信扩展缓存注册完成]]]
[2020/04/07 13:30:31.4951]
[线程：1]
微信扩展缓存注册总用时：174.7517ms
扩展缓存：Senparc.Weixin.Cache.LocalContainerCacheStrategy
Senparc.Weixin.Cache.Redis.RedisContainerCacheStrategy

[[[自动注册扩展缓存完成]]]
[2020/04/07 13:43:21.1135]
[线程：1]
注册总用时：0.997ms
自动扫描程序集：0个
扩展缓存：

[[[微信扩展缓存注册完成]]]
[2020/04/07 13:43:21.2985]
[线程：1]
微信扩展缓存注册总用时：180.0024ms
扩展缓存：Senparc.Weixin.Cache.LocalContainerCacheStrategy
Senparc.Weixin.Cache.Redis.RedisContainerCacheStrategy

[[[自动注册扩展缓存完成]]]
[2020/04/07 14:37:41.7152]
[线程：1]
注册总用时：0ms
自动扫描程序集：0个
扩展缓存：

[[[微信扩展缓存注册完成]]]
[2020/04/07 14:37:41.8996]
[线程：1]
微信扩展缓存注册总用时：179.4852ms
扩展缓存：Senparc.Weixin.Cache.LocalContainerCacheStrategy
Senparc.Weixin.Cache.Redis.RedisContainerCacheStrategy

[[[自动注册扩展缓存完成]]]
[2020/04/07 16:09:41.2285]
[线程：1]
注册总用时：0.9968ms
自动扫描程序集：0个
扩展缓存：

[[[微信扩展缓存注册完成]]]
[2020/04/07 16:09:41.4139]
[线程：1]
微信扩展缓存注册总用时：180.4530ms
扩展缓存：Senparc.Weixin.Cache.LocalContainerCacheStrategy
Senparc.Weixin.Cache.Redis.RedisContainerCacheStrategy

[[[接口调用]]]
[2020/04/07 16:10:02.5355]
[线程：9]
	URL：https://api.weixin.qq.com/sns/jscode2session?appid=wx329a6cc8a7f2267c&secret=78f1baa0def6224cb8f0ceeab40ba44a&js_code=021YL3hH1QSdv20rH3fH18UshH1YL3hN&grant_type=authorization_code
	Result：
{"errcode":40163,"errmsg":"code been used, hints: [ req_id: EHdBP34ce-UP1.nA ]"}

[[[ErrorJsonResultException]]]
[2020/04/07 16:10:02.5385]
[线程：9]
	ErrorJsonResultException
	AccessTokenOrAppId：null
	URL：https://api.weixin.qq.com/sns/jscode2session?appid=wx329a6cc8a7f2267c&secret=78f1baa0def6224cb8f0ceeab40ba44a&js_code=021YL3hH1QSdv20rH3fH18UshH1YL3hN&grant_type=authorization_code
	errcode：40163
	errmsg：code been used, hints: [ req_id: EHdBP34ce-UP1.nA ]

[[[自动注册扩展缓存完成]]]
[2020/04/07 16:18:44.7937]
[线程：1]
注册总用时：0.9981ms
自动扫描程序集：0个
扩展缓存：

[[[微信扩展缓存注册完成]]]
[2020/04/07 16:18:45.0220]
[线程：1]
微信扩展缓存注册总用时：223.3576ms
扩展缓存：Senparc.Weixin.Cache.LocalContainerCacheStrategy
Senparc.Weixin.Cache.Redis.RedisContainerCacheStrategy

